<?xml version="1.0" encoding="UTF-8"?>
<testsuite xmlns:xsi="http://www.w3.org/2001/XMLSchema-instance" xsi:noNamespaceSchemaLocation="https://maven.apache.org/surefire/maven-surefire-plugin/xsd/surefire-test-report-3.0.xsd" version="3.0" name="com.worker.voteapp.AppTest" time="0.029" tests="1" errors="0" skipped="0" failures="0">
  <properties>
    <property name="sun.desktop" value="windows"/>
    <property name="awt.toolkit" value="sun.awt.windows.WToolkit"/>
    <property name="java.specification.version" value="11"/>
    <property name="sun.cpu.isalist" value="amd64"/>
    <property name="sun.jnu.encoding" value="Cp1252"/>
    <property name="java.class.path" value="E:\CSCI 656 Software Systems Design\CSCI-656\Final_Project\worker\voteapp\target\test-classes;E:\CSCI 656 Software Systems Design\CSCI-656\Final_Project\worker\voteapp\target\classes;C:\Users\Matthew\.m2\repository\junit\junit\4.11\junit-4.11.jar;C:\Users\Matthew\.m2\repository\org\hamcrest\hamcrest-core\1.3\hamcrest-core-1.3.jar;C:\Users\Matthew\.m2\repository\redis\clients\jedis\4.3.0\jedis-4.3.0.jar;C:\Users\Matthew\.m2\repository\org\slf4j\slf4j-api\1.7.36\slf4j-api-1.7.36.jar;C:\Users\Matthew\.m2\repository\org\apache\commons\commons-pool2\2.11.1\commons-pool2-2.11.1.jar;C:\Users\Matthew\.m2\repository\org\json\json\20220320\json-20220320.jar;C:\Users\Matthew\.m2\repository\com\google\code\gson\gson\2.8.9\gson-2.8.9.jar;C:\Users\Matthew\.m2\repository\org\postgresql\postgresql\42.7.0\postgresql-42.7.0.jar;C:\Users\Matthew\.m2\repository\org\checkerframework\checker-qual\3.31.0\checker-qual-3.31.0.jar;"/>
    <property name="java.vm.vendor" value="Amazon.com Inc."/>
    <property name="sun.arch.data.model" value="64"/>
    <property name="user.variant" value=""/>
    <property name="java.vendor.url" value="https://aws.amazon.com/corretto/"/>
    <property name="user.timezone" value="America/New_York"/>
    <property name="java.vm.specification.version" value="11"/>
    <property name="os.name" value="Windows 11"/>
    <property name="sun.java.launcher" value="SUN_STANDARD"/>
    <property name="user.country" value="US"/>
    <property name="sun.boot.library.path" value="C:\Program Files\Amazon Corretto\jdk11.0.16_9\bin"/>
    <property name="sun.java.command" value="C:\Users\Matthew\AppData\Local\Temp\surefire1291244175907122345\surefirebooter-20231127211958642_3.jar C:\Users\Matthew\AppData\Local\Temp\surefire1291244175907122345 2023-11-27T21-19-58_249-jvmRun1 surefire-20231127211958642_1tmp surefire_0-20231127211958642_2tmp"/>
    <property name="jdk.debug" value="release"/>
    <property name="surefire.test.class.path" value="E:\CSCI 656 Software Systems Design\CSCI-656\Final_Project\worker\voteapp\target\test-classes;E:\CSCI 656 Software Systems Design\CSCI-656\Final_Project\worker\voteapp\target\classes;C:\Users\Matthew\.m2\repository\junit\junit\4.11\junit-4.11.jar;C:\Users\Matthew\.m2\repository\org\hamcrest\hamcrest-core\1.3\hamcrest-core-1.3.jar;C:\Users\Matthew\.m2\repository\redis\clients\jedis\4.3.0\jedis-4.3.0.jar;C:\Users\Matthew\.m2\repository\org\slf4j\slf4j-api\1.7.36\slf4j-api-1.7.36.jar;C:\Users\Matthew\.m2\repository\org\apache\commons\commons-pool2\2.11.1\commons-pool2-2.11.1.jar;C:\Users\Matthew\.m2\repository\org\json\json\20220320\json-20220320.jar;C:\Users\Matthew\.m2\repository\com\google\code\gson\gson\2.8.9\gson-2.8.9.jar;C:\Users\Matthew\.m2\repository\org\postgresql\postgresql\42.7.0\postgresql-42.7.0.jar;C:\Users\Matthew\.m2\repository\org\checkerframework\checker-qual\3.31.0\checker-qual-3.31.0.jar;"/>
    <property name="sun.cpu.endian" value="little"/>
    <property name="user.home" value="C:\Users\Matthew"/>
    <property name="user.language" value="en"/>
    <property name="java.specification.vendor" value="Oracle Corporation"/>
    <property name="java.version.date" value="2022-08-12"/>
    <property name="java.home" value="C:\Program Files\Amazon Corretto\jdk11.0.16_9"/>
    <property name="file.separator" value="\"/>
    <property name="basedir" value="E:\CSCI 656 Software Systems Design\CSCI-656\Final_Project\worker\voteapp"/>
    <property name="java.vm.compressedOopsMode" value="Zero based"/>
    <property name="line.separator" value="&#10;"/>
    <property name="java.specification.name" value="Java Platform API Specification"/>
    <property name="java.vm.specification.vendor" value="Oracle Corporation"/>
    <property name="java.awt.graphicsenv" value="sun.awt.Win32GraphicsEnvironment"/>
    <property name="surefire.real.class.path" value="C:\Users\Matthew\AppData\Local\Temp\surefire1291244175907122345\surefirebooter-20231127211958642_3.jar"/>
    <property name="user.script" value=""/>
    <property name="sun.management.compiler" value="HotSpot 64-Bit Tiered Compilers"/>
    <property name="java.runtime.version" value="11.0.16.1+9-LTS"/>
    <property name="user.name" value="Matthew"/>
    <property name="path.separator" value=";"/>
    <property name="os.version" value="10.0"/>
    <property name="java.runtime.name" value="OpenJDK Runtime Environment"/>
    <property name="file.encoding" value="Cp1252"/>
    <property name="java.vm.name" value="OpenJDK 64-Bit Server VM"/>
    <property name="java.vendor.version" value="Corretto-11.0.16.9.1"/>
    <property name="localRepository" value="C:\Users\Matthew\.m2\repository"/>
    <property name="java.vendor.url.bug" value="https://github.com/corretto/corretto-11/issues/"/>
    <property name="java.io.tmpdir" value="C:\Users\Matthew\AppData\Local\Temp\"/>
    <property name="java.version" value="11.0.16.1"/>
    <property name="user.dir" value="E:\CSCI 656 Software Systems Design\CSCI-656\Final_Project\worker\voteapp"/>
    <property name="os.arch" value="amd64"/>
    <property name="java.vm.specification.name" value="Java Virtual Machine Specification"/>
    <property name="java.awt.printerjob" value="sun.awt.windows.WPrinterJob"/>
    <property name="sun.os.patch.level" value=""/>
    <property name="java.library.path" value="C:\Program Files\Amazon Corretto\jdk11.0.16_9\bin;C:\WINDOWS\Sun\Java\bin;C:\WINDOWS\system32;C:\WINDOWS;C:\Users\Matthew\anaconda3;C:\Users\Matthew\anaconda3\Library\mingw-w64\bin;C:\Users\Matthew\anaconda3\Library\usr\bin;C:\Users\Matthew\anaconda3\Library\bin;C:\Users\Matthew\anaconda3\Scripts;C:\Users\Matthew\anaconda3\bin;C:\Users\Matthew\anaconda3\condabin;C:\Program Files\Amazon Corretto\jdk11.0.16_9\bin;C:\Windows\system32;C:\Windows;C:\Windows\System32\Wbem;C:\Windows\System32\WindowsPowerShell\v1.0;C:\Windows\System32\OpenSSH;C:\Program Files\NVIDIA Corporation\NVIDIA NvDLISR;C:\Program Files (x86)\NVIDIA Corporation\PhysX\Common;C:\Program Files\MATLAB\R2021b\bin;C:\WINDOWS\system32;C:\WINDOWS;C:\WINDOWS\System32\Wbem;C:\WINDOWS\System32\WindowsPowerShell\v1.0;C:\WINDOWS\System32\OpenSSH;C:\Program Files\PuTTY;C:\Program Files (x86)\dotnet;C:\Program Files\dotnet;C:\Program Files\Git\cmd;C:\Program Files\Docker\Docker\resources\bin;C:\ProgramData\chocolatey\bin;C:\Users\Matthew\anaconda3;C:\Users\Matthew\anaconda3\Library\mingw-w64\bin;C:\Users\Matthew\anaconda3\Library\usr\bin;C:\Users\Matthew\anaconda3\Library\bin;C:\Users\Matthew\anaconda3\Scripts;C:\Users\Matthew\AppData\Local\Programs\Python\Python311\Scripts;C:\Users\Matthew\AppData\Local\Programs\Python\Python311;C:\Users\Matthew\scoop\shims;C:\Users\Matthew\AppData\Local\Microsoft\WindowsApps;C:\Users\Matthew\.dotnet\tools;C:\Users\Matthew\AppData\Local\Programs\Microsoft VS Code\bin;C:\Program Files\JetBrains\IntelliJ IDEA 2022.2.1\bin;C:\Program Files\IBM\Cloud\bin;C:\Users\Matthew\AppData\Local\Microsoft\WindowsApps;C:\kube\kubectl.exe;C:\tools\neovim\nvim-win64\bin;C:\apache-maven-3.9.5\bin;.;."/>
    <property name="java.vm.info" value="mixed mode"/>
    <property name="java.vendor" value="Amazon.com Inc."/>
    <property name="java.vm.version" value="11.0.16.1+9-LTS"/>
    <property name="sun.io.unicode.encoding" value="UnicodeLittle"/>
    <property name="java.class.version" value="55.0"/>
  </properties>
  <testcase name="shouldAnswerWithTrue" classname="com.worker.voteapp.AppTest" time="0.003"/>
</testsuite>